[ 2016-03-21T09:49:38+08:00 ] 127.0.0.1 /Wechat/Server?token/123456
INFO: [ app_init ] --START--
INFO: Run Behavior\BuildLiteBehavior [ RunTime:0.000000s ]
INFO: [ app_init ] --END-- [ RunTime:0.001000s ]
INFO: [ app_begin ] --START--
INFO: Run Behavior\ReadHtmlCacheBehavior [ RunTime:0.001000s ]
INFO: [ app_begin ] --END-- [ RunTime:0.001000s ]
NOTIC: [8] Undefined index: token E:\GitHub\wechat_distribution\Application\Wechat\Controller\CommonController.class.php 第 14 行.

[ 2016-03-21T09:50:56+08:00 ] 127.0.0.1 /Wechat/Server?token/123456
INFO: [ app_init ] --START--
INFO: Run Behavior\BuildLiteBehavior [ RunTime:0.000000s ]
INFO: [ app_init ] --END-- [ RunTime:0.001000s ]
INFO: [ app_begin ] --START--
INFO: Run Behavior\ReadHtmlCacheBehavior [ RunTime:0.001000s ]
INFO: [ app_begin ] --END-- [ RunTime:0.001000s ]
NOTIC: [8] Undefined index: token E:\GitHub\wechat_distribution\Application\Wechat\Controller\ServerController.class.php 第 9 行.

[ 2016-03-21T09:50:57+08:00 ] 127.0.0.1 /Wechat/Server?token/123456
INFO: [ app_init ] --START--
INFO: Run Behavior\BuildLiteBehavior [ RunTime:0.000000s ]
INFO: [ app_init ] --END-- [ RunTime:0.001000s ]
INFO: [ app_begin ] --START--
INFO: Run Behavior\ReadHtmlCacheBehavior [ RunTime:0.002000s ]
INFO: [ app_begin ] --END-- [ RunTime:0.002000s ]
NOTIC: [8] Undefined index: token E:\GitHub\wechat_distribution\Application\Wechat\Controller\ServerController.class.php 第 9 行.

[ 2016-03-21T09:51:41+08:00 ] 127.0.0.1 /Wechat/Server?token/123456
INFO: [ app_init ] --START--
INFO: Run Behavior\BuildLiteBehavior [ RunTime:0.000000s ]
INFO: [ app_init ] --END-- [ RunTime:0.001000s ]
INFO: [ app_begin ] --START--
INFO: Run Behavior\ReadHtmlCacheBehavior [ RunTime:0.001000s ]
INFO: [ app_begin ] --END-- [ RunTime:0.001000s ]
NOTIC: [8] Undefined index: token E:\GitHub\wechat_distribution\Application\Wechat\Controller\ServerController.class.php 第 9 行.
NOTIC: [8] Undefined index: token E:\GitHub\wechat_distribution\Application\Wechat\Controller\ServerController.class.php 第 10 行.

[ 2016-03-21T09:51:42+08:00 ] 127.0.0.1 /Wechat/Server?token/123456
INFO: [ app_init ] --START--
INFO: Run Behavior\BuildLiteBehavior [ RunTime:0.000000s ]
INFO: [ app_init ] --END-- [ RunTime:0.001000s ]
INFO: [ app_begin ] --START--
INFO: Run Behavior\ReadHtmlCacheBehavior [ RunTime:0.001000s ]
INFO: [ app_begin ] --END-- [ RunTime:0.001000s ]
NOTIC: [8] Undefined index: token E:\GitHub\wechat_distribution\Application\Wechat\Controller\ServerController.class.php 第 9 行.
NOTIC: [8] Undefined index: token E:\GitHub\wechat_distribution\Application\Wechat\Controller\ServerController.class.php 第 10 行.

[ 2016-03-21T09:51:50+08:00 ] 127.0.0.1 /Wechat/Server?token=123456
INFO: [ app_init ] --START--
INFO: Run Behavior\BuildLiteBehavior [ RunTime:0.000000s ]
INFO: [ app_init ] --END-- [ RunTime:0.001000s ]
INFO: [ app_begin ] --START--
INFO: Run Behavior\ReadHtmlCacheBehavior [ RunTime:0.001000s ]
INFO: [ app_begin ] --END-- [ RunTime:0.001000s ]

[ 2016-03-21T09:52:31+08:00 ] 127.0.0.1 /Wechat/Server?token=123456
INFO: [ app_init ] --START--
INFO: Run Behavior\BuildLiteBehavior [ RunTime:0.000000s ]
INFO: [ app_init ] --END-- [ RunTime:0.000000s ]
INFO: [ app_begin ] --START--
INFO: Run Behavior\ReadHtmlCacheBehavior [ RunTime:0.001000s ]
INFO: [ app_begin ] --END-- [ RunTime:0.001000s ]
SQL: SHOW COLUMNS FROM `dist_youzan` [ RunTime:0.0500s ]
SQL: SELECT * FROM dist_youzan A INNER JOIN dist_wechat B ON B.yz_id = A.yz_id  WHERE ( yz_token = '123456' ) LIMIT 1   [ RunTime:0.0150s ]
NOTIC: [2] Missing argument 1 for Org\Util\Wechat::__construct(), called in E:\GitHub\wechat_distribution\Application\Wechat\Controller\ServerController.class.php on line 18 and defined E:\GitHub\wechat_distribution\ThinkPHP\Library\Org\Util\Wechat.class.php 第 237 行.
INFO: [ app_end ] --START--
INFO: Run Behavior\ShowPageTraceBehavior [ RunTime:0.001000s ]
INFO: [ app_end ] --END-- [ RunTime:0.001000s ]

[ 2016-03-21T09:54:05+08:00 ] 127.0.0.1 /Wechat/Server?token=123456
INFO: [ app_init ] --START--
INFO: Run Behavior\BuildLiteBehavior [ RunTime:0.000000s ]
INFO: [ app_init ] --END-- [ RunTime:0.001000s ]
INFO: [ app_begin ] --START--
INFO: Run Behavior\ReadHtmlCacheBehavior [ RunTime:0.001000s ]
INFO: [ app_begin ] --END-- [ RunTime:0.001000s ]
SQL: SHOW COLUMNS FROM `dist_youzan` [ RunTime:0.0090s ]
SQL: SELECT * FROM dist_youzan A INNER JOIN dist_wechat B ON B.yz_id = A.yz_id  WHERE ( yz_token = '123456' ) LIMIT 1   [ RunTime:0.0010s ]
NOTIC: [2] Missing argument 1 for Org\Util\Wechat::__construct(), called in E:\GitHub\wechat_distribution\Application\Wechat\Controller\ServerController.class.php on line 18 and defined E:\GitHub\wechat_distribution\ThinkPHP\Library\Org\Util\Wechat.class.php 第 237 行.
INFO: [ app_end ] --START--
INFO: Run Behavior\ShowPageTraceBehavior [ RunTime:0.002000s ]
INFO: [ app_end ] --END-- [ RunTime:0.002000s ]

[ 2016-03-21T09:54:29+08:00 ] 127.0.0.1 /Wechat/Server?token=123456
INFO: [ app_init ] --START--
INFO: Run Behavior\BuildLiteBehavior [ RunTime:0.000000s ]
INFO: [ app_init ] --END-- [ RunTime:0.001000s ]
INFO: [ app_begin ] --START--
INFO: Run Behavior\ReadHtmlCacheBehavior [ RunTime:0.001000s ]
INFO: [ app_begin ] --END-- [ RunTime:0.001000s ]
SQL: SHOW COLUMNS FROM `dist_youzan` [ RunTime:0.0090s ]
NOTIC: [8] Undefined variable: data E:\GitHub\wechat_distribution\Application\Wechat\Controller\ServerController.class.php 第 14 行.
NOTIC: [2] Missing argument 1 for Org\Util\Wechat::__construct(), called in E:\GitHub\wechat_distribution\Application\Wechat\Controller\ServerController.class.php on line 17 and defined E:\GitHub\wechat_distribution\ThinkPHP\Library\Org\Util\Wechat.class.php 第 237 行.
INFO: [ app_end ] --START--
INFO: Run Behavior\ShowPageTraceBehavior [ RunTime:0.002001s ]
INFO: [ app_end ] --END-- [ RunTime:0.002001s ]

[ 2016-03-21T09:54:51+08:00 ] 127.0.0.1 /Wechat/Server?token=123456
INFO: [ app_init ] --START--
INFO: Run Behavior\BuildLiteBehavior [ RunTime:0.000000s ]
INFO: [ app_init ] --END-- [ RunTime:0.002001s ]
INFO: [ app_begin ] --START--
INFO: Run Behavior\ReadHtmlCacheBehavior [ RunTime:0.001000s ]
INFO: [ app_begin ] --END-- [ RunTime:0.001000s ]
SQL: SHOW COLUMNS FROM `dist_youzan` [ RunTime:0.0060s ]
SQL: SELECT * FROM dist_youzan A INNER JOIN dist_wechat B ON B.yz_id = A.yz_id  WHERE ( yz_token = '123456' ) LIMIT 1   [ RunTime:0.0010s ]
NOTIC: [2] Missing argument 1 for Org\Util\Wechat::__construct(), called in E:\GitHub\wechat_distribution\Application\Wechat\Controller\ServerController.class.php on line 18 and defined E:\GitHub\wechat_distribution\ThinkPHP\Library\Org\Util\Wechat.class.php 第 237 行.
INFO: [ app_end ] --START--
INFO: Run Behavior\ShowPageTraceBehavior [ RunTime:0.001000s ]
INFO: [ app_end ] --END-- [ RunTime:0.001000s ]

[ 2016-03-21T09:55:04+08:00 ] 127.0.0.1 /Wechat/Server?token=123456
INFO: [ app_init ] --START--
INFO: Run Behavior\BuildLiteBehavior [ RunTime:0.000000s ]
INFO: [ app_init ] --END-- [ RunTime:0.000000s ]
INFO: [ app_begin ] --START--
INFO: Run Behavior\ReadHtmlCacheBehavior [ RunTime:0.001000s ]
INFO: [ app_begin ] --END-- [ RunTime:0.001000s ]
SQL: SHOW COLUMNS FROM `dist_youzan` [ RunTime:0.0070s ]
SQL: SELECT * FROM dist_youzan A INNER JOIN dist_wechat B ON B.yz_id = A.yz_id  WHERE ( yz_token = '123456' ) LIMIT 1   [ RunTime:0.0010s ]
NOTIC: [2] Missing argument 1 for Org\Util\Wechat::__construct(), called in E:\GitHub\wechat_distribution\Application\Wechat\Controller\ServerController.class.php on line 18 and defined E:\GitHub\wechat_distribution\ThinkPHP\Library\Org\Util\Wechat.class.php 第 237 行.
INFO: [ app_end ] --START--
INFO: Run Behavior\ShowPageTraceBehavior [ RunTime:0.001000s ]
INFO: [ app_end ] --END-- [ RunTime:0.002000s ]

